Using pre-set license
Built from '2021.1/staging' branch; Version is '2021.1.11f1 (4d8c25f7477e) revision 5082149'; Using compiler version '192528614'; Build Type 'Release'
OS: 'Windows 10 Home; OS build 19042.1165; Version 2009; 64bit' Language: 'en' Physical Memory: 16333 MB
BatchMode: 1, IsHumanControllingUs: 0, StartBugReporterOnCrash: 0, Is64bit: 1, IsPro: 0

 COMMAND LINE ARGUMENTS:
C:\Program Files\Unity\Hub\Editor\2021.1.11f1\Editor\Unity.exe
-adb2
-batchMode
-noUpm
-name
AssetImportWorker0
-projectPath
C:/Users/Kaitlyn/Documents/GitHub/Assessment-4/GPR103_A4_Geltner
-logFile
Logs/AssetImportWorker0.log
-srvPort
56134
Successfully changed project path to: C:/Users/Kaitlyn/Documents/GitHub/Assessment-4/GPR103_A4_Geltner
C:/Users/Kaitlyn/Documents/GitHub/Assessment-4/GPR103_A4_Geltner
Using Asset Import Pipeline V2.
Refreshing native plugins compatible for Editor in 35.09 ms, found 3 plugins.
Preloading 0 native plugins for Editor in 0.00 ms.
Initialize engine version: 2021.1.11f1 (4d8c25f7477e)
[Subsystems] Discovering subsystems at path C:/Program Files/Unity/Hub/Editor/2021.1.11f1/Editor/Data/Resources/UnitySubsystems
[Subsystems] Discovering subsystems at path C:/Users/Kaitlyn/Documents/GitHub/Assessment-4/GPR103_A4_Geltner/Assets
GfxDevice: creating device client; threaded=0; jobified=0
Direct3D:
    Version:  Direct3D 11.0 [level 11.1]
    Renderer: NVIDIA GeForce GTX 1660 Ti (ID=0x2182)
    Vendor:   NVIDIA
    VRAM:     5991 MB
    Driver:   27.21.14.6627
Initialize mono
Mono path[0] = 'C:/Program Files/Unity/Hub/Editor/2021.1.11f1/Editor/Data/Managed'
Mono path[1] = 'C:/Program Files/Unity/Hub/Editor/2021.1.11f1/Editor/Data/MonoBleedingEdge/lib/mono/unityjit'
Mono config path = 'C:/Program Files/Unity/Hub/Editor/2021.1.11f1/Editor/Data/MonoBleedingEdge/etc'
Using monoOptions --debugger-agent=transport=dt_socket,embedding=1,server=y,suspend=n,address=127.0.0.1:56676
Begin MonoManager ReloadAssembly
Registering precompiled unity dll's ...
Register platform support module: C:/Program Files/Unity/Hub/Editor/2021.1.11f1/Editor/Data/PlaybackEngines/WindowsStandaloneSupport/UnityEditor.WindowsStandalone.Extensions.dll
Registered in 0.001618 seconds.
Native extension for WindowsStandalone target not found
Refreshing native plugins compatible for Editor in 34.63 ms, found 3 plugins.
Preloading 0 native plugins for Editor in 0.00 ms.
Mono: successfully reloaded assembly
- Completed reload, in  0.956 seconds
Domain Reload Profiling:
	ReloadAssembly (956ms)
		BeginReloadAssembly (43ms)
			ExecutionOrderSort (0ms)
			DisableScriptedObjects (0ms)
			BackupInstance (0ms)
			ReleaseScriptingObjects (0ms)
			CreateAndSetChildDomain (1ms)
		EndReloadAssembly (339ms)
			LoadAssemblies (41ms)
			RebuildTransferFunctionScriptingTraits (0ms)
			SetupTypeCache (140ms)
			ReleaseScriptCaches (0ms)
			RebuildScriptCaches (24ms)
			SetupLoadedEditorAssemblies (140ms)
				LogAssemblyErrors (0ms)
				InitializePlatformSupportModulesInManaged (5ms)
				SetLoadedEditorAssemblies (0ms)
				RefreshPlugins (35ms)
				BeforeProcessingInitializeOnLoad (1ms)
				ProcessInitializeOnLoadAttributes (76ms)
				ProcessInitializeOnLoadMethodAttributes (23ms)
				AfterProcessingInitializeOnLoad (0ms)
				EditorAssembliesLoaded (0ms)
			ExecutionOrderSort2 (0ms)
			AwakeInstancesAfterBackupRestoration (0ms)
Platform modules already initialized, skipping
Registering precompiled user dll's ...
Registered in 0.004061 seconds.
Begin MonoManager ReloadAssembly
Native extension for WindowsStandalone target not found
Refreshing native plugins compatible for Editor in 33.89 ms, found 3 plugins.
Preloading 0 native plugins for Editor in 0.00 ms.
Mono: successfully reloaded assembly
- Completed reload, in  0.902 seconds
Domain Reload Profiling:
	ReloadAssembly (903ms)
		BeginReloadAssembly (125ms)
			ExecutionOrderSort (0ms)
			DisableScriptedObjects (3ms)
			BackupInstance (0ms)
			ReleaseScriptingObjects (0ms)
			CreateAndSetChildDomain (20ms)
		EndReloadAssembly (724ms)
			LoadAssemblies (80ms)
			RebuildTransferFunctionScriptingTraits (0ms)
			SetupTypeCache (244ms)
			ReleaseScriptCaches (1ms)
			RebuildScriptCaches (38ms)
			SetupLoadedEditorAssemblies (281ms)
				LogAssemblyErrors (0ms)
				InitializePlatformSupportModulesInManaged (3ms)
				SetLoadedEditorAssemblies (0ms)
				RefreshPlugins (34ms)
				BeforeProcessingInitializeOnLoad (50ms)
				ProcessInitializeOnLoadAttributes (176ms)
				ProcessInitializeOnLoadMethodAttributes (12ms)
				AfterProcessingInitializeOnLoad (6ms)
				EditorAssembliesLoaded (0ms)
			ExecutionOrderSort2 (0ms)
			AwakeInstancesAfterBackupRestoration (5ms)
Platform modules already initialized, skipping
========================================================================
Worker process is ready to serve import requests
Launched and connected shader compiler UnityShaderCompiler.exe after 0.04 seconds
Refreshing native plugins compatible for Editor in 0.77 ms, found 3 plugins.
Preloading 0 native plugins for Editor in 0.00 ms.
Unloading 2106 Unused Serialized files (Serialized files now loaded: 0)
System memory in use before: 94.9 MB.
System memory in use after: 95.0 MB.

Unloading 28 unused Assets to reduce memory usage. Loaded Objects now: 2559.
Total: 2.238400 ms (FindLiveObjects: 0.219400 ms CreateObjectMapping: 0.046000 ms MarkObjects: 1.914600 ms  DeleteObjects: 0.057300 ms)

AssetImportParameters requested are different than current active one (requested -> active):
  custom:framework-win-MediaFoundation: 216162199b28c13a410421893ffa2e32 -> 
  custom:video-decoder-ogg-theora: a1e56fd34408186e4bbccfd4996cb3dc -> 
  custom:container-muxer-webm: aa71ff27fc2769a1b78a27578f13a17b -> 
  custom:container-demuxer-webm: 4f35f7cbe854078d1ac9338744f61a02 -> 
  custom:container-demuxer-ogg: 62fdf1f143b41e24485cea50d1cbac27 -> 
  custom:video-encoder-webm-vp8: eb34c28f22e8b96e1ab97ce403110664 -> 
  custom:video-codec-MediaFoundation-h265: 746d11721c4dcdbdad8f713fa42b33f4 -> 
  custom:video-decoder-webm-vp8: 9c59270c3fd7afecdb556c50c9e8de78 -> 
  custom:audio-decoder-ogg-vorbis: bf7c407c2cedff20999df2af8eb42d56 -> 
  custom:audio-encoder-webm-vorbis: bf7c407c2cedff20999df2af8eb42d56 -> 
========================================================================
Received Import Request.
  path: Assets/Sprite Assets
  artifactKey: Guid(1168c1f396dbd594a99d9b8294fe6c7d) Importer(815301076,1909f56bfc062723c751e8b465ee728b)
Start importing Assets/Sprite Assets using Guid(1168c1f396dbd594a99d9b8294fe6c7d) Importer(815301076,1909f56bfc062723c751e8b465ee728b)  -> (artifact id: '75602585f2c78f1558bc8888503917b5') in 0.009066 seconds 
========================================================================
Received Import Request.
  Time since last request: 10.133143 seconds.
  path: Assets/Animations
  artifactKey: Guid(c5b0297e58de75e49aea7f7ad8150b10) Importer(815301076,1909f56bfc062723c751e8b465ee728b)
Start importing Assets/Animations using Guid(c5b0297e58de75e49aea7f7ad8150b10) Importer(815301076,1909f56bfc062723c751e8b465ee728b)  -> (artifact id: '77f437d4cc708b5c5ed35bf73d92987f') in 0.005600 seconds 
========================================================================
Received Import Request.
  Time since last request: 337.008693 seconds.
  path: Assets/Brackeys
  artifactKey: Guid(a3d70d84d4e25db468f100a59b99ac05) Importer(815301076,1909f56bfc062723c751e8b465ee728b)
Start importing Assets/Brackeys using Guid(a3d70d84d4e25db468f100a59b99ac05) Importer(815301076,1909f56bfc062723c751e8b465ee728b)  -> (artifact id: '792f356d8f995483d8b010f53c195635') in 0.005851 seconds 
========================================================================
Received Import Request.
  Time since last request: 1.101300 seconds.
  path: Assets/City Pack
  artifactKey: Guid(1a1ff20557f1650488714c882d2e8aac) Importer(815301076,1909f56bfc062723c751e8b465ee728b)
Start importing Assets/City Pack using Guid(1a1ff20557f1650488714c882d2e8aac) Importer(815301076,1909f56bfc062723c751e8b465ee728b)  -> (artifact id: '5f0875eef0049284f3beb4264a23df9e') in 0.005350 seconds 
========================================================================
Received Import Request.
  Time since last request: 6.015802 seconds.
  path: Assets/Sprite Assets/Brackeys/2D Mega Pack
  artifactKey: Guid(3f97bd75468a3704282bde6d8dcfaaba) Importer(815301076,1909f56bfc062723c751e8b465ee728b)
Start importing Assets/Sprite Assets/Brackeys/2D Mega Pack using Guid(3f97bd75468a3704282bde6d8dcfaaba) Importer(815301076,1909f56bfc062723c751e8b465ee728b)  -> (artifact id: '50f6e0183897359bb165072dce2472bf') in 0.005986 seconds 
========================================================================
Received Import Request.
  Time since last request: 1.195697 seconds.
  path: Assets/Sprite Assets/Brackeys/2D Mega Pack/Items & Icons
  artifactKey: Guid(7822755117c5791489d825013b05771e) Importer(815301076,1909f56bfc062723c751e8b465ee728b)
Start importing Assets/Sprite Assets/Brackeys/2D Mega Pack/Items & Icons using Guid(7822755117c5791489d825013b05771e) Importer(815301076,1909f56bfc062723c751e8b465ee728b)  -> (artifact id: 'a4e7bebfa03720f389d568c905e0e5ab') in 0.005777 seconds 
========================================================================
Received Import Request.
  Time since last request: 0.863361 seconds.
  path: Assets/Sprite Assets/Brackeys/2D Mega Pack/Items & Icons/Pixel Art
  artifactKey: Guid(c610bb258d9a61a4f8a35d01bb14b8bf) Importer(815301076,1909f56bfc062723c751e8b465ee728b)
Start importing Assets/Sprite Assets/Brackeys/2D Mega Pack/Items & Icons/Pixel Art using Guid(c610bb258d9a61a4f8a35d01bb14b8bf) Importer(815301076,1909f56bfc062723c751e8b465ee728b)  -> (artifact id: 'd6f07e142475ff946c4bc36425d436ad') in 0.005656 seconds 
========================================================================
Received Import Request.
  Time since last request: 1.592633 seconds.
  path: Assets/Sprite Assets/Brackeys/Coin.png
  artifactKey: Guid(d2c0dc76eca05bb4eb4f3fc4a37f258d) Importer(815301076,1909f56bfc062723c751e8b465ee728b)
Start importing Assets/Sprite Assets/Brackeys/Coin.png using Guid(d2c0dc76eca05bb4eb4f3fc4a37f258d) Importer(815301076,1909f56bfc062723c751e8b465ee728b)  -> (artifact id: 'f5a76d2a3a32d75ca8ec88f1fa2a229a') in 0.106416 seconds 
========================================================================
Received Import Request.
  Time since last request: 8.445523 seconds.
  path: Assets/Sprite Assets/Brackeys/2D Mega Pack/Characters
  artifactKey: Guid(d9b6c188ea84ee5449f418bc1623dfa4) Importer(815301076,1909f56bfc062723c751e8b465ee728b)
Start importing Assets/Sprite Assets/Brackeys/2D Mega Pack/Characters using Guid(d9b6c188ea84ee5449f418bc1623dfa4) Importer(815301076,1909f56bfc062723c751e8b465ee728b)  -> (artifact id: '92276604c5004bfe4fc8483ecd00aac7') in 0.005833 seconds 
========================================================================
Received Import Request.
  Time since last request: 6.316176 seconds.
  path: Assets/Sprite Assets/City Pack/Sprites/CP_V1.0.4_nyknck
  artifactKey: Guid(496bd12558bc70a4dbe5822046895784) Importer(815301076,1909f56bfc062723c751e8b465ee728b)
Start importing Assets/Sprite Assets/City Pack/Sprites/CP_V1.0.4_nyknck using Guid(496bd12558bc70a4dbe5822046895784) Importer(815301076,1909f56bfc062723c751e8b465ee728b)  -> (artifact id: '2657abcf77073fda8b044f64acad4141') in 0.005979 seconds 
========================================================================
Received Import Request.
  Time since last request: 1.510354 seconds.
  path: Assets/Sprite Assets/City Pack/Sprites/CP_V1.0.4_nyknck/CP_V1.0.4.png
  artifactKey: Guid(2529f58c0f0f4784d925363eac539680) Importer(815301076,1909f56bfc062723c751e8b465ee728b)
Start importing Assets/Sprite Assets/City Pack/Sprites/CP_V1.0.4_nyknck/CP_V1.0.4.png using Guid(2529f58c0f0f4784d925363eac539680) Importer(815301076,1909f56bfc062723c751e8b465ee728b)  -> (artifact id: 'f4b801f300224d57caf908b1765d0553') in 0.262696 seconds 
========================================================================
Received Import Request.
  Time since last request: 69.117201 seconds.
  path: Assets/Sprite Assets/TopDown 2D RPG BE3/Sprites/Tiles.png
  artifactKey: Guid(dc747d0a3cdf6594f9f275fdd2a48b4b) Importer(815301076,1909f56bfc062723c751e8b465ee728b)
Start importing Assets/Sprite Assets/TopDown 2D RPG BE3/Sprites/Tiles.png using Guid(dc747d0a3cdf6594f9f275fdd2a48b4b) Importer(815301076,1909f56bfc062723c751e8b465ee728b)  -> (artifact id: 'ef9d8df54afec084c13106d946c5e179') in 0.066296 seconds 
========================================================================
Received Import Request.
  Time since last request: 301.612851 seconds.
  path: Assets/Sprite Assets/TopDown 2D RPG BE3
  artifactKey: Guid(6388627e8da144d4097203a4785db81b) Importer(815301076,1909f56bfc062723c751e8b465ee728b)
Start importing Assets/Sprite Assets/TopDown 2D RPG BE3 using Guid(6388627e8da144d4097203a4785db81b) Importer(815301076,1909f56bfc062723c751e8b465ee728b)  -> (artifact id: '789b8a0a401ef07d1a7494997c503b36') in 0.005889 seconds 
========================================================================
Received Import Request.
  Time since last request: 0.950437 seconds.
  path: Assets/Sprite Assets/TopDown 2D RPG BE3/Sprites
  artifactKey: Guid(24208ecbe2041c34db5f5403b9304207) Importer(815301076,1909f56bfc062723c751e8b465ee728b)
Start importing Assets/Sprite Assets/TopDown 2D RPG BE3/Sprites using Guid(24208ecbe2041c34db5f5403b9304207) Importer(815301076,1909f56bfc062723c751e8b465ee728b)  -> (artifact id: '868896c4e0c1f43d5bffa54efac30d17') in 0.005527 seconds 
========================================================================
Received Import Request.
  Time since last request: 371.948807 seconds.
  path: Assets/Sprite Assets/TopDown 2D RPG BE3/Sprites/Player.png
  artifactKey: Guid(23748c298f885bf4c89671f6d30f562b) Importer(815301076,1909f56bfc062723c751e8b465ee728b)
Start importing Assets/Sprite Assets/TopDown 2D RPG BE3/Sprites/Player.png using Guid(23748c298f885bf4c89671f6d30f562b) Importer(815301076,1909f56bfc062723c751e8b465ee728b)  -> (artifact id: 'de178066358bc5a82126b2f57d488539') in 0.069250 seconds 
========================================================================
Received Import Request.
  Time since last request: 0.728316 seconds.
  path: Assets/GameManager.cs
  artifactKey: Guid(9eb9fe4dc486fc34496ce0ceed266eca) Importer(815301076,1909f56bfc062723c751e8b465ee728b)
Start importing Assets/GameManager.cs using Guid(9eb9fe4dc486fc34496ce0ceed266eca) Importer(815301076,1909f56bfc062723c751e8b465ee728b)  -> (artifact id: '46b24ea27d3d0e35f4e51355ca20740b') in 0.008054 seconds 
========================================================================
Received Import Request.
  Time since last request: 0.391873 seconds.
  path: Assets/Player.cs
  artifactKey: Guid(2338d10ecd33e424cb94a839a5b093c0) Importer(815301076,1909f56bfc062723c751e8b465ee728b)
Start importing Assets/Player.cs using Guid(2338d10ecd33e424cb94a839a5b093c0) Importer(815301076,1909f56bfc062723c751e8b465ee728b)  -> (artifact id: '4e470e44e5ca37d7718f4bae2754610a') in 0.002142 seconds 
========================================================================
Received Prepare
Registering precompiled user dll's ...
Registered in 0.003373 seconds.
Begin MonoManager ReloadAssembly
Native extension for WindowsStandalone target not found
Refreshing native plugins compatible for Editor in 0.51 ms, found 3 plugins.
Preloading 0 native plugins for Editor in 0.00 ms.
Mono: successfully reloaded assembly
- Completed reload, in  0.851 seconds
Domain Reload Profiling:
	ReloadAssembly (851ms)
		BeginReloadAssembly (101ms)
			ExecutionOrderSort (0ms)
			DisableScriptedObjects (5ms)
			BackupInstance (0ms)
			ReleaseScriptingObjects (0ms)
			CreateAndSetChildDomain (33ms)
		EndReloadAssembly (698ms)
			LoadAssemblies (67ms)
			RebuildTransferFunctionScriptingTraits (0ms)
			SetupTypeCache (239ms)
			ReleaseScriptCaches (1ms)
			RebuildScriptCaches (33ms)
			SetupLoadedEditorAssemblies (258ms)
				LogAssemblyErrors (0ms)
				InitializePlatformSupportModulesInManaged (4ms)
				SetLoadedEditorAssemblies (0ms)
				RefreshPlugins (1ms)
				BeforeProcessingInitializeOnLoad (44ms)
				ProcessInitializeOnLoadAttributes (194ms)
				ProcessInitializeOnLoadMethodAttributes (8ms)
				AfterProcessingInitializeOnLoad (7ms)
				EditorAssembliesLoaded (0ms)
			ExecutionOrderSort2 (0ms)
			AwakeInstancesAfterBackupRestoration (14ms)
Platform modules already initialized, skipping
Refreshing native plugins compatible for Editor in 0.77 ms, found 3 plugins.
Preloading 0 native plugins for Editor in 0.00 ms.
Unloading 2099 Unused Serialized files (Serialized files now loaded: 0)
System memory in use before: 104.1 MB.
System memory in use after: 104.2 MB.

Unloading 17 unused Assets to reduce memory usage. Loaded Objects now: 2705.
Total: 2.721100 ms (FindLiveObjects: 0.279200 ms CreateObjectMapping: 0.054200 ms MarkObjects: 2.370000 ms  DeleteObjects: 0.016800 ms)

AssetImportParameters requested are different than current active one (requested -> active):
  custom:framework-win-MediaFoundation: 216162199b28c13a410421893ffa2e32 -> 
  custom:video-decoder-ogg-theora: a1e56fd34408186e4bbccfd4996cb3dc -> 
  custom:container-muxer-webm: aa71ff27fc2769a1b78a27578f13a17b -> 
  custom:container-demuxer-webm: 4f35f7cbe854078d1ac9338744f61a02 -> 
  custom:container-demuxer-ogg: 62fdf1f143b41e24485cea50d1cbac27 -> 
  custom:video-encoder-webm-vp8: eb34c28f22e8b96e1ab97ce403110664 -> 
  custom:video-codec-MediaFoundation-h265: 746d11721c4dcdbdad8f713fa42b33f4 -> 
  custom:video-decoder-webm-vp8: 9c59270c3fd7afecdb556c50c9e8de78 -> 
  custom:audio-decoder-ogg-vorbis: bf7c407c2cedff20999df2af8eb42d56 -> 
  custom:audio-encoder-webm-vorbis: bf7c407c2cedff20999df2af8eb42d56 -> 
AssetImportWorkerClient::OnTransportError - code=2 error=End of file
